C:\USERS\D4003042\DOCUMENTS\VISUAL STUDIO 2012\PROJECTS\PDFTOJPG\PDFTOJPG\RELEASE\PDFTOJPG.PCH
C:\USERS\D4003042\DOCUMENTS\VISUAL STUDIO 2012\PROJECTS\PDFTOJPG\PDFTOJPG\RELEASE\STDAFX.OBJ
C:\USERS\D4003042\DOCUMENTS\VISUAL STUDIO 2012\PROJECTS\PDFTOJPG\PDFTOJPG\RELEASE\VC110.PDB
C:\USERS\D4003042\DOCUMENTS\VISUAL STUDIO 2012\PROJECTS\PDFTOJPG\PDFTOJPG\RELEASE\PDFTOJPGDLG.OBJ
C:\USERS\D4003042\DOCUMENTS\VISUAL STUDIO 2012\PROJECTS\PDFTOJPG\PDFTOJPG\RELEASE\PDFTOJPG.OBJ
C:\USERS\D4003042\DOCUMENTS\VISUAL STUDIO 2012\PROJECTS\PDFTOJPG\RELEASE\PDFTOJPG.EXE
C:\USERS\D4003042\DOCUMENTS\VISUAL STUDIO 2012\PROJECTS\PDFTOJPG\RELEASE\PDFTOJPG.PDB
C:\USERS\D4003042\DOCUMENTS\VISUAL STUDIO 2012\PROJECTS\PDFTOJPG\PDFTOJPG\RELEASE\PDFTOJPG.RES
C:\Users\D4003042\Documents\Visual Studio 2012\Projects\PDFtoJPG\PDFtoJPG\Release\PDFtoJPG.obj
C:\Users\D4003042\Documents\Visual Studio 2012\Projects\PDFtoJPG\PDFtoJPG\Release\PDFtoJPGDlg.obj
C:\Users\D4003042\Documents\Visual Studio 2012\Projects\PDFtoJPG\PDFtoJPG\Release\stdafx.obj
C:\Users\D4003042\Documents\Visual Studio 2012\Projects\PDFtoJPG\PDFtoJPG\Release\cl.command.1.tlog
C:\Users\D4003042\Documents\Visual Studio 2012\Projects\PDFtoJPG\PDFtoJPG\Release\CL.read.1.tlog
C:\Users\D4003042\Documents\Visual Studio 2012\Projects\PDFtoJPG\PDFtoJPG\Release\CL.write.1.tlog
C:\Users\D4003042\Documents\Visual Studio 2012\Projects\PDFtoJPG\PDFtoJPG\Release\link-cvtres.read.1.tlog
C:\Users\D4003042\Documents\Visual Studio 2012\Projects\PDFtoJPG\PDFtoJPG\Release\link-cvtres.write.1.tlog
C:\Users\D4003042\Documents\Visual Studio 2012\Projects\PDFtoJPG\PDFtoJPG\Release\link-mt.read.1.tlog
C:\Users\D4003042\Documents\Visual Studio 2012\Projects\PDFtoJPG\PDFtoJPG\Release\link-mt.write.1.tlog
C:\Users\D4003042\Documents\Visual Studio 2012\Projects\PDFtoJPG\PDFtoJPG\Release\link-rc.read.1.tlog
C:\Users\D4003042\Documents\Visual Studio 2012\Projects\PDFtoJPG\PDFtoJPG\Release\link-rc.write.1.tlog
C:\Users\D4003042\Documents\Visual Studio 2012\Projects\PDFtoJPG\PDFtoJPG\Release\link.command.1.tlog
C:\Users\D4003042\Documents\Visual Studio 2012\Projects\PDFtoJPG\PDFtoJPG\Release\link.read.1.tlog
C:\Users\D4003042\Documents\Visual Studio 2012\Projects\PDFtoJPG\PDFtoJPG\Release\link.read.3.tlog
C:\Users\D4003042\Documents\Visual Studio 2012\Projects\PDFtoJPG\PDFtoJPG\Release\link.write.1.tlog
C:\Users\D4003042\Documents\Visual Studio 2012\Projects\PDFtoJPG\PDFtoJPG\Release\rc.command.1.tlog
C:\Users\D4003042\Documents\Visual Studio 2012\Projects\PDFtoJPG\PDFtoJPG\Release\rc.read.1.tlog
C:\Users\D4003042\Documents\Visual Studio 2012\Projects\PDFtoJPG\PDFtoJPG\Release\rc.write.1.tlog
C:\Users\D4003042\Documents\Visual Studio 2012\Projects\PDFtoJPG\PDFtoJPG\Release\PDFtoJPG.res
C:\Users\D4003042\Documents\Visual Studio 2012\Projects\PDFtoJPG\PDFtoJPG\Release\PDFtoJPG.pch
C:\Users\D4003042\Documents\Visual Studio 2012\Projects\PDFtoJPG\PDFtoJPG\Release\vc110.pdb
C:\Users\D4003042\Documents\Visual Studio 2012\Projects\PDFtoJPG\Release\PDFtoJPG.pdb
C:\Users\D4003042\Documents\Visual Studio 2012\Projects\PDFtoJPG\Release\PDFtoJPG.exe
